{"/Users/sun/Desktop/chula/year3/sem1/rental-girlfriend-backend-v2/controllers/users.js": {"path":"/Users/sun/Desktop/chula/year3/sem1/rental-girlfriend-backend-v2/controllers/users.js","statementMap":{"0":{"start":{"line":2,"column":13},"end":{"line":2,"column":38}},"1":{"start":{"line":8,"column":2},"end":{"line":8,"column":28}},"2":{"start":{"line":8,"column":16},"end":{"line":8,"column":28}},"3":{"start":{"line":9,"column":12},"end":{"line":9,"column":79}},"4":{"start":{"line":10,"column":2},"end":{"line":10,"column":36}},"5":{"start":{"line":10,"column":18},"end":{"line":10,"column":36}},"6":{"start":{"line":11,"column":2},"end":{"line":11,"column":26}},"7":{"start":{"line":11,"column":13},"end":{"line":11,"column":26}},"8":{"start":{"line":12,"column":2},"end":{"line":12,"column":40}},"9":{"start":{"line":12,"column":20},"end":{"line":12,"column":40}},"10":{"start":{"line":13,"column":2},"end":{"line":13,"column":26}},"11":{"start":{"line":13,"column":13},"end":{"line":13,"column":26}},"12":{"start":{"line":14,"column":2},"end":{"line":14,"column":11}},"13":{"start":{"line":21,"column":0},"end":{"line":61,"column":2}},"14":{"start":{"line":22,"column":2},"end":{"line":60,"column":3}},"15":{"start":{"line":23,"column":17},"end":{"line":23,"column":65}},"16":{"start":{"line":24,"column":18},"end":{"line":24,"column":70}},"17":{"start":{"line":25,"column":14},"end":{"line":25,"column":40}},"18":{"start":{"line":27,"column":19},"end":{"line":27,"column":21}},"19":{"start":{"line":28,"column":4},"end":{"line":35,"column":5}},"20":{"start":{"line":29,"column":6},"end":{"line":34,"column":8}},"21":{"start":{"line":37,"column":27},"end":{"line":43,"column":6}},"22":{"start":{"line":45,"column":4},"end":{"line":56,"column":7}},"23":{"start":{"line":49,"column":22},"end":{"line":49,"column":32}},"24":{"start":{"line":50,"column":8},"end":{"line":50,"column":30}},"25":{"start":{"line":51,"column":8},"end":{"line":51,"column":25}},"26":{"start":{"line":52,"column":8},"end":{"line":52,"column":32}},"27":{"start":{"line":53,"column":8},"end":{"line":53,"column":25}},"28":{"start":{"line":54,"column":8},"end":{"line":54,"column":21}},"29":{"start":{"line":58,"column":4},"end":{"line":58,"column":36}},"30":{"start":{"line":59,"column":4},"end":{"line":59,"column":77}},"31":{"start":{"line":68,"column":0},"end":{"line":88,"column":2}},"32":{"start":{"line":69,"column":2},"end":{"line":87,"column":3}},"33":{"start":{"line":70,"column":15},"end":{"line":70,"column":28}},"34":{"start":{"line":72,"column":17},"end":{"line":72,"column":40}},"35":{"start":{"line":73,"column":4},"end":{"line":75,"column":5}},"36":{"start":{"line":74,"column":6},"end":{"line":74,"column":81}},"37":{"start":{"line":77,"column":18},"end":{"line":77,"column":31}},"38":{"start":{"line":78,"column":4},"end":{"line":78,"column":26}},"39":{"start":{"line":79,"column":4},"end":{"line":79,"column":21}},"40":{"start":{"line":80,"column":4},"end":{"line":80,"column":28}},"41":{"start":{"line":81,"column":4},"end":{"line":81,"column":21}},"42":{"start":{"line":83,"column":4},"end":{"line":83,"column":52}},"43":{"start":{"line":85,"column":4},"end":{"line":85,"column":34}},"44":{"start":{"line":86,"column":4},"end":{"line":86,"column":77}},"45":{"start":{"line":95,"column":0},"end":{"line":128,"column":2}},"46":{"start":{"line":96,"column":2},"end":{"line":127,"column":3}},"47":{"start":{"line":97,"column":4},"end":{"line":99,"column":5}},"48":{"start":{"line":98,"column":6},"end":{"line":98,"column":76}},"49":{"start":{"line":104,"column":8},"end":{"line":104,"column":16}},"50":{"start":{"line":106,"column":4},"end":{"line":108,"column":5}},"51":{"start":{"line":107,"column":6},"end":{"line":107,"column":80}},"52":{"start":{"line":110,"column":17},"end":{"line":113,"column":6}},"53":{"start":{"line":115,"column":4},"end":{"line":115,"column":77}},"54":{"start":{"line":117,"column":4},"end":{"line":117,"column":37}},"55":{"start":{"line":118,"column":4},"end":{"line":121,"column":5}},"56":{"start":{"line":119,"column":18},"end":{"line":119,"column":63}},"57":{"start":{"line":120,"column":6},"end":{"line":120,"column":88}},"58":{"start":{"line":122,"column":4},"end":{"line":125,"column":5}},"59":{"start":{"line":123,"column":23},"end":{"line":123,"column":68}},"60":{"start":{"line":123,"column":58},"end":{"line":123,"column":67}},"61":{"start":{"line":124,"column":6},"end":{"line":124,"column":102}},"62":{"start":{"line":126,"column":4},"end":{"line":126,"column":77}},"63":{"start":{"line":134,"column":0},"end":{"line":165,"column":2}},"64":{"start":{"line":135,"column":2},"end":{"line":164,"column":3}},"65":{"start":{"line":136,"column":15},"end":{"line":136,"column":28}},"66":{"start":{"line":138,"column":4},"end":{"line":138,"column":97}},"67":{"start":{"line":138,"column":19},"end":{"line":138,"column":97}},"68":{"start":{"line":139,"column":4},"end":{"line":141,"column":5}},"69":{"start":{"line":140,"column":6},"end":{"line":140,"column":76}},"70":{"start":{"line":143,"column":20},"end":{"line":143,"column":174}},"71":{"start":{"line":144,"column":20},"end":{"line":144,"column":22}},"72":{"start":{"line":145,"column":4},"end":{"line":147,"column":5}},"73":{"start":{"line":146,"column":6},"end":{"line":146,"column":50}},"74":{"start":{"line":146,"column":25},"end":{"line":146,"column":50}},"75":{"start":{"line":148,"column":4},"end":{"line":148,"column":69}},"76":{"start":{"line":148,"column":32},"end":{"line":148,"column":69}},"77":{"start":{"line":150,"column":17},"end":{"line":150,"column":40}},"78":{"start":{"line":151,"column":4},"end":{"line":151,"column":90}},"79":{"start":{"line":151,"column":15},"end":{"line":151,"column":90}},"80":{"start":{"line":153,"column":4},"end":{"line":153,"column":33}},"81":{"start":{"line":154,"column":4},"end":{"line":154,"column":22}},"82":{"start":{"line":156,"column":4},"end":{"line":156,"column":65}},"83":{"start":{"line":158,"column":4},"end":{"line":158,"column":37}},"84":{"start":{"line":159,"column":4},"end":{"line":162,"column":5}},"85":{"start":{"line":160,"column":18},"end":{"line":160,"column":63}},"86":{"start":{"line":161,"column":6},"end":{"line":161,"column":88}},"87":{"start":{"line":163,"column":4},"end":{"line":163,"column":77}},"88":{"start":{"line":171,"column":0},"end":{"line":189,"column":2}},"89":{"start":{"line":172,"column":2},"end":{"line":188,"column":3}},"90":{"start":{"line":173,"column":4},"end":{"line":173,"column":97}},"91":{"start":{"line":173,"column":19},"end":{"line":173,"column":97}},"92":{"start":{"line":174,"column":15},"end":{"line":174,"column":28}},"93":{"start":{"line":177,"column":4},"end":{"line":179,"column":5}},"94":{"start":{"line":178,"column":6},"end":{"line":178,"column":76}},"95":{"start":{"line":181,"column":17},"end":{"line":181,"column":49}},"96":{"start":{"line":182,"column":4},"end":{"line":182,"column":90}},"97":{"start":{"line":182,"column":15},"end":{"line":182,"column":90}},"98":{"start":{"line":184,"column":4},"end":{"line":184,"column":64}},"99":{"start":{"line":186,"column":4},"end":{"line":186,"column":37}},"100":{"start":{"line":187,"column":4},"end":{"line":187,"column":77}},"101":{"start":{"line":197,"column":0},"end":{"line":258,"column":2}},"102":{"start":{"line":198,"column":2},"end":{"line":257,"column":3}},"103":{"start":{"line":199,"column":15},"end":{"line":199,"column":28}},"104":{"start":{"line":202,"column":4},"end":{"line":204,"column":5}},"105":{"start":{"line":203,"column":6},"end":{"line":203,"column":84}},"106":{"start":{"line":205,"column":4},"end":{"line":207,"column":5}},"107":{"start":{"line":206,"column":6},"end":{"line":206,"column":76}},"108":{"start":{"line":210,"column":21},"end":{"line":210,"column":29}},"109":{"start":{"line":212,"column":4},"end":{"line":217,"column":5}},"110":{"start":{"line":213,"column":6},"end":{"line":216,"column":9}},"111":{"start":{"line":220,"column":4},"end":{"line":225,"column":5}},"112":{"start":{"line":221,"column":6},"end":{"line":224,"column":9}},"113":{"start":{"line":228,"column":4},"end":{"line":233,"column":5}},"114":{"start":{"line":229,"column":6},"end":{"line":232,"column":9}},"115":{"start":{"line":235,"column":17},"end":{"line":235,"column":40}},"116":{"start":{"line":236,"column":4},"end":{"line":241,"column":5}},"117":{"start":{"line":237,"column":6},"end":{"line":240,"column":9}},"118":{"start":{"line":244,"column":4},"end":{"line":244,"column":20}},"119":{"start":{"line":245,"column":4},"end":{"line":245,"column":22}},"120":{"start":{"line":247,"column":4},"end":{"line":250,"column":7}},"121":{"start":{"line":252,"column":4},"end":{"line":252,"column":52}},"122":{"start":{"line":253,"column":4},"end":{"line":256,"column":7}},"123":{"start":{"line":266,"column":0},"end":{"line":286,"column":2}},"124":{"start":{"line":267,"column":2},"end":{"line":285,"column":3}},"125":{"start":{"line":268,"column":15},"end":{"line":268,"column":28}},"126":{"start":{"line":269,"column":4},"end":{"line":269,"column":97}},"127":{"start":{"line":269,"column":19},"end":{"line":269,"column":97}},"128":{"start":{"line":270,"column":4},"end":{"line":272,"column":5}},"129":{"start":{"line":271,"column":6},"end":{"line":271,"column":76}},"130":{"start":{"line":274,"column":20},"end":{"line":274,"column":28}},"131":{"start":{"line":275,"column":17},"end":{"line":275,"column":40}},"132":{"start":{"line":276,"column":4},"end":{"line":276,"column":90}},"133":{"start":{"line":276,"column":15},"end":{"line":276,"column":90}},"134":{"start":{"line":278,"column":4},"end":{"line":278,"column":38}},"135":{"start":{"line":279,"column":4},"end":{"line":279,"column":22}},"136":{"start":{"line":281,"column":4},"end":{"line":281,"column":65}},"137":{"start":{"line":283,"column":4},"end":{"line":283,"column":51}},"138":{"start":{"line":284,"column":4},"end":{"line":284,"column":77}}},"fnMap":{"0":{"name":"sanitizeUser","decl":{"start":{"line":7,"column":9},"end":{"line":7,"column":21}},"loc":{"start":{"line":7,"column":31},"end":{"line":15,"column":1}},"line":7},"1":{"name":"(anonymous_1)","decl":{"start":{"line":21,"column":20},"end":{"line":21,"column":21}},"loc":{"start":{"line":21,"column":40},"end":{"line":61,"column":1}},"line":21},"2":{"name":"(anonymous_2)","decl":{"start":{"line":48,"column":22},"end":{"line":48,"column":23}},"loc":{"start":{"line":48,"column":27},"end":{"line":55,"column":7}},"line":48},"3":{"name":"(anonymous_3)","decl":{"start":{"line":68,"column":18},"end":{"line":68,"column":19}},"loc":{"start":{"line":68,"column":38},"end":{"line":88,"column":1}},"line":68},"4":{"name":"(anonymous_4)","decl":{"start":{"line":95,"column":21},"end":{"line":95,"column":22}},"loc":{"start":{"line":95,"column":41},"end":{"line":128,"column":1}},"line":95},"5":{"name":"(anonymous_5)","decl":{"start":{"line":123,"column":53},"end":{"line":123,"column":54}},"loc":{"start":{"line":123,"column":58},"end":{"line":123,"column":67}},"line":123},"6":{"name":"(anonymous_6)","decl":{"start":{"line":134,"column":21},"end":{"line":134,"column":22}},"loc":{"start":{"line":134,"column":41},"end":{"line":165,"column":1}},"line":134},"7":{"name":"(anonymous_7)","decl":{"start":{"line":171,"column":21},"end":{"line":171,"column":22}},"loc":{"start":{"line":171,"column":41},"end":{"line":189,"column":1}},"line":171},"8":{"name":"(anonymous_8)","decl":{"start":{"line":197,"column":29},"end":{"line":197,"column":30}},"loc":{"start":{"line":197,"column":49},"end":{"line":258,"column":1}},"line":197},"9":{"name":"(anonymous_9)","decl":{"start":{"line":266,"column":35},"end":{"line":266,"column":36}},"loc":{"start":{"line":266,"column":55},"end":{"line":286,"column":1}},"line":266}},"branchMap":{"0":{"loc":{"start":{"line":8,"column":2},"end":{"line":8,"column":28}},"type":"if","locations":[{"start":{"line":8,"column":2},"end":{"line":8,"column":28}},{"start":{},"end":{}}],"line":8},"1":{"loc":{"start":{"line":9,"column":12},"end":{"line":9,"column":79}},"type":"cond-expr","locations":[{"start":{"line":9,"column":53},"end":{"line":9,"column":69}},{"start":{"line":9,"column":72},"end":{"line":9,"column":79}}],"line":9},"2":{"loc":{"start":{"line":10,"column":2},"end":{"line":10,"column":36}},"type":"if","locations":[{"start":{"line":10,"column":2},"end":{"line":10,"column":36}},{"start":{},"end":{}}],"line":10},"3":{"loc":{"start":{"line":11,"column":2},"end":{"line":11,"column":26}},"type":"if","locations":[{"start":{"line":11,"column":2},"end":{"line":11,"column":26}},{"start":{},"end":{}}],"line":11},"4":{"loc":{"start":{"line":12,"column":2},"end":{"line":12,"column":40}},"type":"if","locations":[{"start":{"line":12,"column":2},"end":{"line":12,"column":40}},{"start":{},"end":{}}],"line":12},"5":{"loc":{"start":{"line":13,"column":2},"end":{"line":13,"column":26}},"type":"if","locations":[{"start":{"line":13,"column":2},"end":{"line":13,"column":26}},{"start":{},"end":{}}],"line":13},"6":{"loc":{"start":{"line":23,"column":38},"end":{"line":23,"column":59}},"type":"binary-expr","locations":[{"start":{"line":23,"column":38},"end":{"line":23,"column":52}},{"start":{"line":23,"column":56},"end":{"line":23,"column":59}}],"line":23},"7":{"loc":{"start":{"line":24,"column":41},"end":{"line":24,"column":64}},"type":"binary-expr","locations":[{"start":{"line":24,"column":41},"end":{"line":24,"column":56}},{"start":{"line":24,"column":60},"end":{"line":24,"column":64}}],"line":24},"8":{"loc":{"start":{"line":25,"column":15},"end":{"line":25,"column":32}},"type":"binary-expr","locations":[{"start":{"line":25,"column":15},"end":{"line":25,"column":26}},{"start":{"line":25,"column":30},"end":{"line":25,"column":32}}],"line":25},"9":{"loc":{"start":{"line":28,"column":4},"end":{"line":35,"column":5}},"type":"if","locations":[{"start":{"line":28,"column":4},"end":{"line":35,"column":5}},{"start":{},"end":{}}],"line":28},"10":{"loc":{"start":{"line":73,"column":4},"end":{"line":75,"column":5}},"type":"if","locations":[{"start":{"line":73,"column":4},"end":{"line":75,"column":5}},{"start":{},"end":{}}],"line":73},"11":{"loc":{"start":{"line":97,"column":4},"end":{"line":99,"column":5}},"type":"if","locations":[{"start":{"line":97,"column":4},"end":{"line":99,"column":5}},{"start":{},"end":{}}],"line":97},"12":{"loc":{"start":{"line":97,"column":8},"end":{"line":97,"column":46}},"type":"binary-expr","locations":[{"start":{"line":97,"column":8},"end":{"line":97,"column":17}},{"start":{"line":97,"column":21},"end":{"line":97,"column":46}}],"line":97},"13":{"loc":{"start":{"line":106,"column":4},"end":{"line":108,"column":5}},"type":"if","locations":[{"start":{"line":106,"column":4},"end":{"line":108,"column":5}},{"start":{},"end":{}}],"line":106},"14":{"loc":{"start":{"line":106,"column":8},"end":{"line":106,"column":151}},"type":"binary-expr","locations":[{"start":{"line":106,"column":8},"end":{"line":106,"column":14}},{"start":{"line":106,"column":18},"end":{"line":106,"column":27}},{"start":{"line":106,"column":31},"end":{"line":106,"column":40}},{"start":{"line":106,"column":44},"end":{"line":106,"column":54}},{"start":{"line":106,"column":58},"end":{"line":106,"column":67}},{"start":{"line":106,"column":71},"end":{"line":106,"column":81}},{"start":{"line":106,"column":85},"end":{"line":106,"column":92}},{"start":{"line":106,"column":96},"end":{"line":106,"column":102}},{"start":{"line":106,"column":106},"end":{"line":106,"column":113}},{"start":{"line":106,"column":117},"end":{"line":106,"column":134}},{"start":{"line":106,"column":138},"end":{"line":106,"column":143}},{"start":{"line":106,"column":147},"end":{"line":106,"column":151}}],"line":106},"15":{"loc":{"start":{"line":118,"column":4},"end":{"line":121,"column":5}},"type":"if","locations":[{"start":{"line":118,"column":4},"end":{"line":121,"column":5}},{"start":{},"end":{}}],"line":118},"16":{"loc":{"start":{"line":118,"column":8},"end":{"line":118,"column":33}},"type":"binary-expr","locations":[{"start":{"line":118,"column":8},"end":{"line":118,"column":11}},{"start":{"line":118,"column":15},"end":{"line":118,"column":33}}],"line":118},"17":{"loc":{"start":{"line":119,"column":18},"end":{"line":119,"column":63}},"type":"binary-expr","locations":[{"start":{"line":119,"column":18},"end":{"line":119,"column":52}},{"start":{"line":119,"column":56},"end":{"line":119,"column":63}}],"line":119},"18":{"loc":{"start":{"line":119,"column":30},"end":{"line":119,"column":48}},"type":"binary-expr","locations":[{"start":{"line":119,"column":30},"end":{"line":119,"column":42}},{"start":{"line":119,"column":46},"end":{"line":119,"column":48}}],"line":119},"19":{"loc":{"start":{"line":122,"column":4},"end":{"line":125,"column":5}},"type":"if","locations":[{"start":{"line":122,"column":4},"end":{"line":125,"column":5}},{"start":{},"end":{}}],"line":122},"20":{"loc":{"start":{"line":122,"column":8},"end":{"line":122,"column":45}},"type":"binary-expr","locations":[{"start":{"line":122,"column":8},"end":{"line":122,"column":11}},{"start":{"line":122,"column":15},"end":{"line":122,"column":45}}],"line":122},"21":{"loc":{"start":{"line":138,"column":4},"end":{"line":138,"column":97}},"type":"if","locations":[{"start":{"line":138,"column":4},"end":{"line":138,"column":97}},{"start":{},"end":{}}],"line":138},"22":{"loc":{"start":{"line":139,"column":4},"end":{"line":141,"column":5}},"type":"if","locations":[{"start":{"line":139,"column":4},"end":{"line":141,"column":5}},{"start":{},"end":{}}],"line":139},"23":{"loc":{"start":{"line":139,"column":8},"end":{"line":139,"column":55}},"type":"binary-expr","locations":[{"start":{"line":139,"column":8},"end":{"line":139,"column":33}},{"start":{"line":139,"column":37},"end":{"line":139,"column":55}}],"line":139},"24":{"loc":{"start":{"line":146,"column":6},"end":{"line":146,"column":50}},"type":"if","locations":[{"start":{"line":146,"column":6},"end":{"line":146,"column":50}},{"start":{},"end":{}}],"line":146},"25":{"loc":{"start":{"line":148,"column":4},"end":{"line":148,"column":69}},"type":"if","locations":[{"start":{"line":148,"column":4},"end":{"line":148,"column":69}},{"start":{},"end":{}}],"line":148},"26":{"loc":{"start":{"line":151,"column":4},"end":{"line":151,"column":90}},"type":"if","locations":[{"start":{"line":151,"column":4},"end":{"line":151,"column":90}},{"start":{},"end":{}}],"line":151},"27":{"loc":{"start":{"line":159,"column":4},"end":{"line":162,"column":5}},"type":"if","locations":[{"start":{"line":159,"column":4},"end":{"line":162,"column":5}},{"start":{},"end":{}}],"line":159},"28":{"loc":{"start":{"line":159,"column":8},"end":{"line":159,"column":33}},"type":"binary-expr","locations":[{"start":{"line":159,"column":8},"end":{"line":159,"column":11}},{"start":{"line":159,"column":15},"end":{"line":159,"column":33}}],"line":159},"29":{"loc":{"start":{"line":160,"column":18},"end":{"line":160,"column":63}},"type":"binary-expr","locations":[{"start":{"line":160,"column":18},"end":{"line":160,"column":52}},{"start":{"line":160,"column":56},"end":{"line":160,"column":63}}],"line":160},"30":{"loc":{"start":{"line":160,"column":30},"end":{"line":160,"column":48}},"type":"binary-expr","locations":[{"start":{"line":160,"column":30},"end":{"line":160,"column":42}},{"start":{"line":160,"column":46},"end":{"line":160,"column":48}}],"line":160},"31":{"loc":{"start":{"line":173,"column":4},"end":{"line":173,"column":97}},"type":"if","locations":[{"start":{"line":173,"column":4},"end":{"line":173,"column":97}},{"start":{},"end":{}}],"line":173},"32":{"loc":{"start":{"line":177,"column":4},"end":{"line":179,"column":5}},"type":"if","locations":[{"start":{"line":177,"column":4},"end":{"line":179,"column":5}},{"start":{},"end":{}}],"line":177},"33":{"loc":{"start":{"line":177,"column":8},"end":{"line":177,"column":55}},"type":"binary-expr","locations":[{"start":{"line":177,"column":8},"end":{"line":177,"column":33}},{"start":{"line":177,"column":37},"end":{"line":177,"column":55}}],"line":177},"34":{"loc":{"start":{"line":182,"column":4},"end":{"line":182,"column":90}},"type":"if","locations":[{"start":{"line":182,"column":4},"end":{"line":182,"column":90}},{"start":{},"end":{}}],"line":182},"35":{"loc":{"start":{"line":202,"column":4},"end":{"line":204,"column":5}},"type":"if","locations":[{"start":{"line":202,"column":4},"end":{"line":204,"column":5}},{"start":{},"end":{}}],"line":202},"36":{"loc":{"start":{"line":205,"column":4},"end":{"line":207,"column":5}},"type":"if","locations":[{"start":{"line":205,"column":4},"end":{"line":207,"column":5}},{"start":{},"end":{}}],"line":205},"37":{"loc":{"start":{"line":205,"column":8},"end":{"line":205,"column":55}},"type":"binary-expr","locations":[{"start":{"line":205,"column":8},"end":{"line":205,"column":33}},{"start":{"line":205,"column":37},"end":{"line":205,"column":55}}],"line":205},"38":{"loc":{"start":{"line":212,"column":4},"end":{"line":217,"column":5}},"type":"if","locations":[{"start":{"line":212,"column":4},"end":{"line":217,"column":5}},{"start":{},"end":{}}],"line":212},"39":{"loc":{"start":{"line":212,"column":8},"end":{"line":212,"column":41}},"type":"binary-expr","locations":[{"start":{"line":212,"column":8},"end":{"line":212,"column":13}},{"start":{"line":212,"column":17},"end":{"line":212,"column":41}}],"line":212},"40":{"loc":{"start":{"line":220,"column":4},"end":{"line":225,"column":5}},"type":"if","locations":[{"start":{"line":220,"column":4},"end":{"line":225,"column":5}},{"start":{},"end":{}}],"line":220},"41":{"loc":{"start":{"line":220,"column":8},"end":{"line":220,"column":65}},"type":"binary-expr","locations":[{"start":{"line":220,"column":8},"end":{"line":220,"column":34}},{"start":{"line":220,"column":38},"end":{"line":220,"column":65}}],"line":220},"42":{"loc":{"start":{"line":228,"column":4},"end":{"line":233,"column":5}},"type":"if","locations":[{"start":{"line":228,"column":4},"end":{"line":233,"column":5}},{"start":{},"end":{}}],"line":228},"43":{"loc":{"start":{"line":228,"column":8},"end":{"line":228,"column":57}},"type":"binary-expr","locations":[{"start":{"line":228,"column":8},"end":{"line":228,"column":28}},{"start":{"line":228,"column":32},"end":{"line":228,"column":57}}],"line":228},"44":{"loc":{"start":{"line":236,"column":4},"end":{"line":241,"column":5}},"type":"if","locations":[{"start":{"line":236,"column":4},"end":{"line":241,"column":5}},{"start":{},"end":{}}],"line":236},"45":{"loc":{"start":{"line":269,"column":4},"end":{"line":269,"column":97}},"type":"if","locations":[{"start":{"line":269,"column":4},"end":{"line":269,"column":97}},{"start":{},"end":{}}],"line":269},"46":{"loc":{"start":{"line":270,"column":4},"end":{"line":272,"column":5}},"type":"if","locations":[{"start":{"line":270,"column":4},"end":{"line":272,"column":5}},{"start":{},"end":{}}],"line":270},"47":{"loc":{"start":{"line":270,"column":8},"end":{"line":270,"column":55}},"type":"binary-expr","locations":[{"start":{"line":270,"column":8},"end":{"line":270,"column":33}},{"start":{"line":270,"column":37},"end":{"line":270,"column":55}}],"line":270},"48":{"loc":{"start":{"line":276,"column":4},"end":{"line":276,"column":90}},"type":"if","locations":[{"start":{"line":276,"column":4},"end":{"line":276,"column":90}},{"start":{},"end":{}}],"line":276}},"s":{"0":1,"1":2,"2":0,"3":2,"4":2,"5":2,"6":2,"7":1,"8":2,"9":1,"10":2,"11":1,"12":2,"13":1,"14":0,"15":0,"16":0,"17":0,"18":0,"19":0,"20":0,"21":0,"22":0,"23":0,"24":0,"25":0,"26":0,"27":0,"28":0,"29":0,"30":0,"31":1,"32":0,"33":0,"34":0,"35":0,"36":0,"37":0,"38":0,"39":0,"40":0,"41":0,"42":0,"43":0,"44":0,"45":1,"46":9,"47":9,"48":2,"49":7,"50":7,"51":1,"52":6,"53":2,"54":4,"55":4,"56":2,"57":2,"58":2,"59":1,"60":2,"61":1,"62":1,"63":1,"64":0,"65":0,"66":0,"67":0,"68":0,"69":0,"70":0,"71":0,"72":0,"73":0,"74":0,"75":0,"76":0,"77":0,"78":0,"79":0,"80":0,"81":0,"82":0,"83":0,"84":0,"85":0,"86":0,"87":0,"88":1,"89":0,"90":0,"91":0,"92":0,"93":0,"94":0,"95":0,"96":0,"97":0,"98":0,"99":0,"100":0,"101":1,"102":0,"103":0,"104":0,"105":0,"106":0,"107":0,"108":0,"109":0,"110":0,"111":0,"112":0,"113":0,"114":0,"115":0,"116":0,"117":0,"118":0,"119":0,"120":0,"121":0,"122":0,"123":1,"124":0,"125":0,"126":0,"127":0,"128":0,"129":0,"130":0,"131":0,"132":0,"133":0,"134":0,"135":0,"136":0,"137":0,"138":0},"f":{"0":2,"1":0,"2":0,"3":0,"4":9,"5":2,"6":0,"7":0,"8":0,"9":0},"b":{"0":[0,2],"1":[1,1],"2":[2,0],"3":[1,1],"4":[1,1],"5":[1,1],"6":[0,0],"7":[0,0],"8":[0,0],"9":[0,0],"10":[0,0],"11":[2,7],"12":[9,8],"13":[1,6],"14":[7,7,6,6,6,6,6,6,6,6,6,6],"15":[2,2],"16":[4,4],"17":[2,1],"18":[2,1],"19":[1,1],"20":[2,2],"21":[0,0],"22":[0,0],"23":[0,0],"24":[0,0],"25":[0,0],"26":[0,0],"27":[0,0],"28":[0,0],"29":[0,0],"30":[0,0],"31":[0,0],"32":[0,0],"33":[0,0],"34":[0,0],"35":[0,0],"36":[0,0],"37":[0,0],"38":[0,0],"39":[0,0],"40":[0,0],"41":[0,0],"42":[0,0],"43":[0,0],"44":[0,0],"45":[0,0],"46":[0,0],"47":[0,0],"48":[0,0]},"_coverageSchema":"1a1c01bbd47fc00a2c39e90264f33305004495a9","hash":"3278c7447152e95c5c59e93352384c2195f518f5"}
}
